<?xml version="1.0" encoding="UTF-8"?>
<coverage generated="1518466368518" clover="3.2.0">
  <project timestamp="1518466368518" name="All files">
    <metrics statements="40" coveredstatements="38" conditionals="17" coveredconditionals="12" methods="7" coveredmethods="7" elements="64" coveredelements="57" complexity="0" loc="40" ncloc="40" packages="1" files="3" classes="3">
      <file name="dijkstra.js" path="/home/vladimirsan/workspace/seattle-javascript-401d19/51-extra-graphs/src/dijkstra.js">
        <metrics statements="28" coveredstatements="28" conditionals="10" coveredconditionals="8" methods="2" coveredmethods="2"/>
        <line num="3" count="1" type="stmt"/>
        <line num="5" count="1" type="stmt"/>
        <line num="6" count="2" type="stmt"/>
        <line num="7" count="2" type="stmt"/>
        <line num="8" count="2" type="stmt"/>
        <line num="10" count="2" type="stmt"/>
        <line num="11" count="62" type="stmt"/>
        <line num="16" count="2" type="stmt"/>
        <line num="20" count="2" type="stmt"/>
        <line num="28" count="2" type="stmt"/>
        <line num="30" count="19" type="stmt"/>
        <line num="32" count="19" type="cond" truecount="2" falsecount="0"/>
        <line num="33" count="2" type="stmt"/>
        <line num="36" count="17" type="stmt"/>
        <line num="38" count="17" type="cond" truecount="2" falsecount="0"/>
        <line num="39" count="1" type="stmt"/>
        <line num="41" count="16" type="stmt"/>
        <line num="43" count="16" type="stmt"/>
        <line num="44" count="22" type="stmt"/>
        <line num="45" count="22" type="stmt"/>
        <line num="47" count="22" type="cond" truecount="2" falsecount="0"/>
        <line num="48" count="1" type="stmt"/>
        <line num="50" count="21" type="stmt"/>
        <line num="53" count="21" type="cond" truecount="2" falsecount="2"/>
        <line num="57" count="21" type="stmt"/>
        <line num="58" count="21" type="stmt"/>
        <line num="60" count="21" type="stmt"/>
        <line num="68" count="1" type="stmt"/>
      </file>
      <file name="graph.js" path="/home/vladimirsan/workspace/seattle-javascript-401d19/51-extra-graphs/src/graph.js">
        <metrics statements="10" coveredstatements="8" conditionals="7" coveredconditionals="4" methods="4" coveredmethods="4"/>
        <line num="3" count="1" type="stmt"/>
        <line num="5" count="1" type="stmt"/>
        <line num="9" count="10" type="stmt"/>
        <line num="13" count="12" type="cond" truecount="3" falsecount="1"/>
        <line num="15" count="0" type="stmt"/>
        <line num="17" count="12" type="stmt"/>
        <line num="19" count="12" type="stmt"/>
        <line num="26" count="16" type="cond" truecount="1" falsecount="1"/>
        <line num="27" count="0" type="stmt"/>
        <line num="29" count="16" type="stmt"/>
      </file>
      <file name="node.js" path="/home/vladimirsan/workspace/seattle-javascript-401d19/51-extra-graphs/src/node.js">
        <metrics statements="2" coveredstatements="2" conditionals="0" coveredconditionals="0" methods="1" coveredmethods="1"/>
        <line num="3" count="1" type="stmt"/>
        <line num="5" count="11" type="stmt"/>
      </file>
    </metrics>
  </project>
</coverage>
