{"/home/vladimirsan/workspace/seattle-javascript-401d19/51-extra-graphs/src/dijkstra.js": {"path":"/home/vladimirsan/workspace/seattle-javascript-401d19/51-extra-graphs/src/dijkstra.js","statementMap":{"0":{"start":{"line":3,"column":22},"end":{"line":3,"column":50}},"1":{"start":{"line":5,"column":0},"end":{"line":69,"column":2}},"2":{"start":{"line":6,"column":21},"end":{"line":6,"column":30}},"3":{"start":{"line":7,"column":18},"end":{"line":7,"column":27}},"4":{"start":{"line":8,"column":26},"end":{"line":8,"column":35}},"5":{"start":{"line":10,"column":22},"end":{"line":12,"column":4}},"6":{"start":{"line":11,"column":25},"end":{"line":11,"column":48}},"7":{"start":{"line":16,"column":2},"end":{"line":19,"column":5}},"8":{"start":{"line":20,"column":2},"end":{"line":20,"column":37}},"9":{"start":{"line":28,"column":2},"end":{"line":67,"column":3}},"10":{"start":{"line":30,"column":22},"end":{"line":30,"column":50}},"11":{"start":{"line":32,"column":4},"end":{"line":33,"column":15}},"12":{"start":{"line":33,"column":6},"end":{"line":33,"column":15}},"13":{"start":{"line":36,"column":4},"end":{"line":36,"column":34}},"14":{"start":{"line":38,"column":4},"end":{"line":39,"column":23}},"15":{"start":{"line":39,"column":6},"end":{"line":39,"column":23}},"16":{"start":{"line":41,"column":20},"end":{"line":41,"column":51}},"17":{"start":{"line":43,"column":4},"end":{"line":66,"column":5}},"18":{"start":{"line":44,"column":27},"end":{"line":44,"column":42}},"19":{"start":{"line":45,"column":25},"end":{"line":45,"column":38}},"20":{"start":{"line":47,"column":6},"end":{"line":48,"column":17}},"21":{"start":{"line":48,"column":8},"end":{"line":48,"column":17}},"22":{"start":{"line":50,"column":26},"end":{"line":50,"column":77}},"23":{"start":{"line":53,"column":6},"end":{"line":65,"column":7}},"24":{"start":{"line":57,"column":8},"end":{"line":57,"column":58}},"25":{"start":{"line":58,"column":8},"end":{"line":58,"column":48}},"26":{"start":{"line":60,"column":8},"end":{"line":63,"column":11}},"27":{"start":{"line":68,"column":2},"end":{"line":68,"column":14}}},"fnMap":{"0":{"name":"(anonymous_0)","decl":{"start":{"line":5,"column":17},"end":{"line":5,"column":18}},"loc":{"start":{"line":5,"column":47},"end":{"line":69,"column":1}},"line":5},"1":{"name":"(anonymous_1)","decl":{"start":{"line":11,"column":16},"end":{"line":11,"column":17}},"loc":{"start":{"line":11,"column":25},"end":{"line":11,"column":48}},"line":11}},"branchMap":{"0":{"loc":{"start":{"line":32,"column":4},"end":{"line":33,"column":15}},"type":"if","locations":[{"start":{"line":32,"column":4},"end":{"line":33,"column":15}},{"start":{"line":32,"column":4},"end":{"line":33,"column":15}}],"line":32},"1":{"loc":{"start":{"line":38,"column":4},"end":{"line":39,"column":23}},"type":"if","locations":[{"start":{"line":38,"column":4},"end":{"line":39,"column":23}},{"start":{"line":38,"column":4},"end":{"line":39,"column":23}}],"line":38},"2":{"loc":{"start":{"line":47,"column":6},"end":{"line":48,"column":17}},"type":"if","locations":[{"start":{"line":47,"column":6},"end":{"line":48,"column":17}},{"start":{"line":47,"column":6},"end":{"line":48,"column":17}}],"line":47},"3":{"loc":{"start":{"line":53,"column":6},"end":{"line":65,"column":7}},"type":"if","locations":[{"start":{"line":53,"column":6},"end":{"line":65,"column":7}},{"start":{"line":53,"column":6},"end":{"line":65,"column":7}}],"line":53},"4":{"loc":{"start":{"line":53,"column":9},"end":{"line":54,"column":60}},"type":"binary-expr","locations":[{"start":{"line":53,"column":9},"end":{"line":53,"column":41}},{"start":{"line":54,"column":9},"end":{"line":54,"column":60}}],"line":53}},"s":{"0":1,"1":1,"2":2,"3":2,"4":2,"5":2,"6":62,"7":2,"8":2,"9":2,"10":19,"11":19,"12":2,"13":17,"14":17,"15":1,"16":16,"17":16,"18":22,"19":22,"20":22,"21":1,"22":21,"23":21,"24":21,"25":21,"26":21,"27":1},"f":{"0":2,"1":62},"b":{"0":[2,17],"1":[1,16],"2":[1,21],"3":[21,0],"4":[21,0]},"_coverageSchema":"332fd63041d2c1bcb487cc26dd0d5f7d97098a6c","hash":"ea8c0f80c9e047b70661ca5135973ad9145972f2"}
,"/home/vladimirsan/workspace/seattle-javascript-401d19/51-extra-graphs/src/graph.js": {"path":"/home/vladimirsan/workspace/seattle-javascript-401d19/51-extra-graphs/src/graph.js","statementMap":{"0":{"start":{"line":3,"column":0},"end":{"line":31,"column":2}},"1":{"start":{"line":5,"column":4},"end":{"line":5,"column":36}},"2":{"start":{"line":9,"column":4},"end":{"line":9,"column":37}},"3":{"start":{"line":13,"column":4},"end":{"line":15,"column":49}},"4":{"start":{"line":15,"column":6},"end":{"line":15,"column":49}},"5":{"start":{"line":17,"column":22},"end":{"line":17,"column":56}},"6":{"start":{"line":19,"column":4},"end":{"line":22,"column":7}},"7":{"start":{"line":26,"column":4},"end":{"line":27,"column":48}},"8":{"start":{"line":27,"column":6},"end":{"line":27,"column":48}},"9":{"start":{"line":29,"column":4},"end":{"line":29,"column":46}}},"fnMap":{"0":{"name":"(anonymous_0)","decl":{"start":{"line":4,"column":2},"end":{"line":4,"column":3}},"loc":{"start":{"line":4,"column":15},"end":{"line":6,"column":3}},"line":4},"1":{"name":"(anonymous_1)","decl":{"start":{"line":8,"column":2},"end":{"line":8,"column":3}},"loc":{"start":{"line":8,"column":15},"end":{"line":10,"column":3}},"line":8},"2":{"name":"(anonymous_2)","decl":{"start":{"line":12,"column":2},"end":{"line":12,"column":3}},"loc":{"start":{"line":12,"column":39},"end":{"line":23,"column":3}},"line":12},"3":{"name":"(anonymous_3)","decl":{"start":{"line":25,"column":2},"end":{"line":25,"column":3}},"loc":{"start":{"line":25,"column":20},"end":{"line":30,"column":3}},"line":25}},"branchMap":{"0":{"loc":{"start":{"line":12,"column":28},"end":{"line":12,"column":38}},"type":"default-arg","locations":[{"start":{"line":12,"column":37},"end":{"line":12,"column":38}}],"line":12},"1":{"loc":{"start":{"line":13,"column":4},"end":{"line":15,"column":49}},"type":"if","locations":[{"start":{"line":13,"column":4},"end":{"line":15,"column":49}},{"start":{"line":13,"column":4},"end":{"line":15,"column":49}}],"line":13},"2":{"loc":{"start":{"line":13,"column":7},"end":{"line":14,"column":40}},"type":"binary-expr","locations":[{"start":{"line":13,"column":7},"end":{"line":13,"column":42}},{"start":{"line":14,"column":7},"end":{"line":14,"column":40}}],"line":13},"3":{"loc":{"start":{"line":26,"column":4},"end":{"line":27,"column":48}},"type":"if","locations":[{"start":{"line":26,"column":4},"end":{"line":27,"column":48}},{"start":{"line":26,"column":4},"end":{"line":27,"column":48}}],"line":26}},"s":{"0":1,"1":1,"2":10,"3":12,"4":0,"5":12,"6":12,"7":16,"8":0,"9":16},"f":{"0":1,"1":10,"2":12,"3":16},"b":{"0":[0],"1":[0,12],"2":[12,12],"3":[0,16]},"_coverageSchema":"332fd63041d2c1bcb487cc26dd0d5f7d97098a6c","hash":"3447fab527ae5e929e3aa62e03473e181313fa5a"}
,"/home/vladimirsan/workspace/seattle-javascript-401d19/51-extra-graphs/src/node.js": {"path":"/home/vladimirsan/workspace/seattle-javascript-401d19/51-extra-graphs/src/node.js","statementMap":{"0":{"start":{"line":3,"column":0},"end":{"line":7,"column":2}},"1":{"start":{"line":5,"column":4},"end":{"line":5,"column":23}}},"fnMap":{"0":{"name":"(anonymous_0)","decl":{"start":{"line":4,"column":2},"end":{"line":4,"column":3}},"loc":{"start":{"line":4,"column":20},"end":{"line":6,"column":3}},"line":4}},"branchMap":{},"s":{"0":1,"1":11},"f":{"0":11},"b":{},"_coverageSchema":"332fd63041d2c1bcb487cc26dd0d5f7d97098a6c","hash":"2e33a17ecf5d30ede50c760d7f29d85333a550d0"}
}
