TN:
SF:/home/vladimirsan/workspace/seattle-javascript-401d19/51-extra-graphs/src/dijkstra.js
FN:5,(anonymous_0)
FN:11,(anonymous_1)
FNF:2
FNH:2
FNDA:2,(anonymous_0)
FNDA:62,(anonymous_1)
DA:3,1
DA:5,1
DA:6,2
DA:7,2
DA:8,2
DA:10,2
DA:11,62
DA:16,2
DA:20,2
DA:28,2
DA:30,19
DA:32,19
DA:33,2
DA:36,17
DA:38,17
DA:39,1
DA:41,16
DA:43,16
DA:44,22
DA:45,22
DA:47,22
DA:48,1
DA:50,21
DA:53,21
DA:57,21
DA:58,21
DA:60,21
DA:68,1
LF:28
LH:28
BRDA:32,0,0,2
BRDA:32,0,1,17
BRDA:38,1,0,1
BRDA:38,1,1,16
BRDA:47,2,0,1
BRDA:47,2,1,21
BRDA:53,3,0,21
BRDA:53,3,1,0
BRDA:53,4,0,21
BRDA:53,4,1,0
BRF:10
BRH:8
end_of_record
TN:
SF:/home/vladimirsan/workspace/seattle-javascript-401d19/51-extra-graphs/src/graph.js
FN:4,(anonymous_0)
FN:8,(anonymous_1)
FN:12,(anonymous_2)
FN:25,(anonymous_3)
FNF:4
FNH:4
FNDA:1,(anonymous_0)
FNDA:10,(anonymous_1)
FNDA:12,(anonymous_2)
FNDA:16,(anonymous_3)
DA:3,1
DA:5,1
DA:9,10
DA:13,12
DA:15,0
DA:17,12
DA:19,12
DA:26,16
DA:27,0
DA:29,16
LF:10
LH:8
BRDA:12,0,0,0
BRDA:13,1,0,0
BRDA:13,1,1,12
BRDA:13,2,0,12
BRDA:13,2,1,12
BRDA:26,3,0,0
BRDA:26,3,1,16
BRF:7
BRH:4
end_of_record
TN:
SF:/home/vladimirsan/workspace/seattle-javascript-401d19/51-extra-graphs/src/node.js
FN:4,(anonymous_0)
FNF:1
FNH:1
FNDA:11,(anonymous_0)
DA:3,1
DA:5,11
LF:2
LH:2
BRF:0
BRH:0
end_of_record
